    Checking zerocopy v0.8.52
    Checking getrandom v0.4.2
    Checking libsqlite3-sys v0.30.1
    Checking fallible-iterator v0.3.0
    Checking fallible-streaming-iterator v0.1.9
    Checking uuid v1.23.3
    Checking ahash v0.8.12
    Checking hashbrown v0.14.5
    Checking hashlink v0.9.1
    Checking rusqlite v0.32.1
    Checking qnc-host v0.1.0 (C:\Users\miron\Projects\quick_news_cutter\qnc-host)
warning: field `session_id` is never read
   --> src\project\api.rs:218:5
    |
210 | struct ProjectFromTemplateBody {
    |        ----------------------- field in this struct
...
218 |     session_id: String,
    |     ^^^^^^^^^^
    |
    = note: `#[warn(dead_code)]` (part of `#[warn(unused)]`) on by default

warning: unused `Result` that must be used
  --> src\ingest\db.rs:58:5
   |
58 |     migrate_thumb_columns(conn);
   |     ^^^^^^^^^^^^^^^^^^^^^^^^^^^
   |
   = note: this `Result` may be an `Err` variant, which should be handled
   = note: `#[warn(unused_must_use)]` (part of `#[warn(unused)]`) on by default
help: use `let _ = ...` to ignore the resulting value
   |
58 |     let _ = migrate_thumb_columns(conn);
   |     +++++++

warning: `qnc-host` (bin "qnc-host") generated 2 warnings
    Finished `dev` profile [unoptimized + debuginfo] target(s) in 14.93s
